  % Total    % Received % Xferd  Average Speed   Time    Time     Time  Current
                                 Dload  Upload   Total   Spent    Left  Speed
  0     0    0     0    0     0      0      0 --:--:-- --:--:-- --:--:--     0*   Trying 52.14.242.198:80...
* TCP_NODELAY set
* Connected to ec2-52-14-242-198.us-east-2.compute.amazonaws.com (52.14.242.198) port 80 (#0)
> GET / HTTP/1.1
> Host: ec2-52-14-242-198.us-east-2.compute.amazonaws.com
> User-Agent: curl/7.68.0
> Accept: */*
> Cookie: login=eyJ1c2VyIjoiYXdkZW9yaW8ifQ.YKzmRA.iCe5ty56JjUsG5TpNi0ppS5U0Us
> 
* Mark bundle as not supporting multiuse
< HTTP/1.1 200 OK
< Server: nginx/1.18.0 (Ubuntu)
< Date: Tue, 25 May 2021 11:58:53 GMT
< Content-Type: text/html; charset=utf-8
< Content-Length: 708
< Connection: keep-alive
< Vary: Cookie
< 
{ [708 bytes data]
100   708  100   708    0     0   7080      0 --:--:-- --:--:-- --:--:--  7080
* Connection #0 to host ec2-52-14-242-198.us-east-2.compute.amazonaws.com left intact
